1513519007428	geckodriver	INFO	geckodriver 0.19.1
1513519007435	geckodriver	INFO	Listening on 127.0.0.1:61482
1513519008562	mozrunner::runner	INFO	Running command: "/Applications/Firefox.app/Contents/MacOS/firefox-bin" "-marionette" "-profile" "/var/folders/08/4y4s0vpx58scmblhsb8r65k40000gn/T/rust_mozprofile.ZIhp74O9bJtw"
1513519009537	Marionette	INFO	Enabled via --marionette
2017-12-17 15:56:50.779 plugin-container[17453:44877619] *** CFMessagePort: bootstrap_register(): failed 1100 (0x44c) 'Permission denied', port = 0xa137, name = 'com.apple.tsm.portname'
See /usr/include/servers/bootstrap_defs.h for the error codes.
1513519011266	Marionette	INFO	Listening on port 61491
1513519011368	Marionette	WARN	TLS certificate errors will be ignored for this session
1513519011433	Marionette	DEBUG	Register listener.js for window 2147483649
1513519011514	Marionette	DEBUG	Received DOM event "beforeunload" for "about:blank"
1513519011628	Marionette	DEBUG	Received DOM event "pagehide" for "about:blank"
1513519011629	Marionette	DEBUG	Received DOM event "unload" for "about:blank"
1513519011640	Marionette	DEBUG	Received DOM event "DOMContentLoaded" for "http://localhost:8000/"
1513519011942	Marionette	DEBUG	Received DOM event "pageshow" for "http://localhost:8000/"
1513519012029	addons.xpi	WARN	Exception running bootstrap method shutdown on activity-stream@mozilla.org: [Exception... "Component returned failure code: 0x80004005 (NS_ERROR_FAILURE) [nsIObserverService.removeObserver]"  nsresult: "0x80004005 (NS_ERROR_FAILURE)"  location: "JS frame :: resource://activity-stream/lib/SnippetsFeed.jsm :: uninit :: line 123"  data: no] Stack trace: uninit()@resource://activity-stream/lib/SnippetsFeed.jsm:123 < onAction()@resource://activity-stream/lib/SnippetsFeed.jsm:138 < _middleware/</<()@resource://activity-stream/lib/Store.jsm:52 < Store/this[method]()@resource://activity-stream/lib/Store.jsm:31 < uninit()@resource://activity-stream/lib/Store.jsm:151 < uninit()@resource://activity-stream/lib/ActivityStream.jsm:266 < uninit()@resource://gre/modules/addons/XPIProvider.jsm -> jar:file:///Applications/Firefox.app/Contents/Resources/browser/features/activity-stream@mozilla.org.xpi!/bootstrap.js:80 < shutdown()@resource://gre/modules/addons/XPIProvider.jsm -> jar:file:///Applications/Firefox.app/Contents/Resources/browser/features/activity-stream@mozilla.org.xpi!/bootstrap.js:196 < callBootstrapMethod()@resource://gre/modules/addons/XPIProvider.jsm:4509 < observe()@resource://gre/modules/addons/XPIProvider.jsm:2281 < GeckoDriver.prototype.quit()@driver.js:3307 < despatch()@server.js:553 < execute()@server.js:527 < onPacket/<()@server.js:502 < onPacket()@server.js:501 < _onJSONObjectReady/<()@transport.js:501
1513519824262	geckodriver	INFO	geckodriver 0.19.1
1513519824269	geckodriver	INFO	Listening on 127.0.0.1:61594
1513519825372	mozrunner::runner	INFO	Running command: "/Applications/Firefox.app/Contents/MacOS/firefox-bin" "-marionette" "-profile" "/var/folders/08/4y4s0vpx58scmblhsb8r65k40000gn/T/rust_mozprofile.mOM4NMH1vQsF"
1513519826302	Marionette	INFO	Enabled via --marionette
2017-12-17 16:10:27.665 plugin-container[19912:44887972] *** CFMessagePort: bootstrap_register(): failed 1100 (0x44c) 'Permission denied', port = 0xa237, name = 'com.apple.tsm.portname'
See /usr/include/servers/bootstrap_defs.h for the error codes.
1513519828382	Marionette	INFO	Listening on port 61603
1513519828435	Marionette	WARN	TLS certificate errors will be ignored for this session
1513519828494	Marionette	DEBUG	Register listener.js for window 2147483649
1513519828522	Marionette	DEBUG	Received DOM event "beforeunload" for "about:blank"
1513519828587	Marionette	DEBUG	Received DOM event "pagehide" for "about:blank"
1513519828587	Marionette	DEBUG	Received DOM event "unload" for "about:blank"
1513519828600	Marionette	DEBUG	Received DOM event "DOMContentLoaded" for "http://localhost:8000/"
1513519828933	Marionette	DEBUG	Received DOM event "pageshow" for "http://localhost:8000/"
1513519829024	addons.xpi	WARN	Exception running bootstrap method shutdown on activity-stream@mozilla.org: [Exception... "Component returned failure code: 0x80004005 (NS_ERROR_FAILURE) [nsIObserverService.removeObserver]"  nsresult: "0x80004005 (NS_ERROR_FAILURE)"  location: "JS frame :: resource://activity-stream/lib/SnippetsFeed.jsm :: uninit :: line 123"  data: no] Stack trace: uninit()@resource://activity-stream/lib/SnippetsFeed.jsm:123 < onAction()@resource://activity-stream/lib/SnippetsFeed.jsm:138 < _middleware/</<()@resource://activity-stream/lib/Store.jsm:52 < Store/this[method]()@resource://activity-stream/lib/Store.jsm:31 < uninit()@resource://activity-stream/lib/Store.jsm:151 < uninit()@resource://activity-stream/lib/ActivityStream.jsm:266 < uninit()@resource://gre/modules/addons/XPIProvider.jsm -> jar:file:///Applications/Firefox.app/Contents/Resources/browser/features/activity-stream@mozilla.org.xpi!/bootstrap.js:80 < shutdown()@resource://gre/modules/addons/XPIProvider.jsm -> jar:file:///Applications/Firefox.app/Contents/Resources/browser/features/activity-stream@mozilla.org.xpi!/bootstrap.js:196 < callBootstrapMethod()@resource://gre/modules/addons/XPIProvider.jsm:4509 < observe()@resource://gre/modules/addons/XPIProvider.jsm:2281 < GeckoDriver.prototype.quit()@driver.js:3307 < despatch()@server.js:553 < execute()@server.js:527 < onPacket/<()@server.js:502 < onPacket()@server.js:501 < _onJSONObjectReady/<()@transport.js:501
1513523249990	geckodriver	INFO	geckodriver 0.19.1
1513523249996	geckodriver	INFO	Listening on 127.0.0.1:61850
1513523251160	mozrunner::runner	INFO	Running command: "/Applications/Firefox.app/Contents/MacOS/firefox-bin" "-marionette" "-profile" "/var/folders/08/4y4s0vpx58scmblhsb8r65k40000gn/T/rust_mozprofile.TuGhUKYo9A4H"
1513523252167	Marionette	INFO	Enabled via --marionette
2017-12-17 15:07:33.397 plugin-container[23150:44917940] *** CFMessagePort: bootstrap_register(): failed 1100 (0x44c) 'Permission denied', port = 0xa237, name = 'com.apple.tsm.portname'
See /usr/include/servers/bootstrap_defs.h for the error codes.
1513523254050	Marionette	INFO	Listening on port 61859
1513523254086	Marionette	WARN	TLS certificate errors will be ignored for this session
1513523254208	Marionette	DEBUG	Register listener.js for window 2147483649
1513523254288	Marionette	DEBUG	Received DOM event "beforeunload" for "about:blank"
1513523254468	Marionette	DEBUG	Received DOM event "pagehide" for "about:blank"
1513523254469	Marionette	DEBUG	Received DOM event "unload" for "about:blank"
1513523254504	Marionette	DEBUG	Received DOM event "DOMContentLoaded" for "http://localhost:8000/"
1513523254939	Marionette	DEBUG	Received DOM event "pageshow" for "http://localhost:8000/"
1513523255053	addons.xpi	WARN	Exception running bootstrap method shutdown on activity-stream@mozilla.org: [Exception... "Component returned failure code: 0x80004005 (NS_ERROR_FAILURE) [nsIObserverService.removeObserver]"  nsresult: "0x80004005 (NS_ERROR_FAILURE)"  location: "JS frame :: resource://activity-stream/lib/SnippetsFeed.jsm :: uninit :: line 123"  data: no] Stack trace: uninit()@resource://activity-stream/lib/SnippetsFeed.jsm:123 < onAction()@resource://activity-stream/lib/SnippetsFeed.jsm:138 < _middleware/</<()@resource://activity-stream/lib/Store.jsm:52 < Store/this[method]()@resource://activity-stream/lib/Store.jsm:31 < uninit()@resource://activity-stream/lib/Store.jsm:151 < uninit()@resource://activity-stream/lib/ActivityStream.jsm:266 < uninit()@resource://gre/modules/addons/XPIProvider.jsm -> jar:file:///Applications/Firefox.app/Contents/Resources/browser/features/activity-stream@mozilla.org.xpi!/bootstrap.js:80 < shutdown()@resource://gre/modules/addons/XPIProvider.jsm -> jar:file:///Applications/Firefox.app/Contents/Resources/browser/features/activity-stream@mozilla.org.xpi!/bootstrap.js:196 < callBootstrapMethod()@resource://gre/modules/addons/XPIProvider.jsm:4509 < observe()@resource://gre/modules/addons/XPIProvider.jsm:2281 < GeckoDriver.prototype.quit()@driver.js:3307 < despatch()@server.js:553 < execute()@server.js:527 < onPacket/<()@server.js:502 < onPacket()@server.js:501 < _onJSONObjectReady/<()@transport.js:501
1513523930893	geckodriver	INFO	geckodriver 0.19.1
1513523930902	geckodriver	INFO	Listening on 127.0.0.1:61960
1513523932023	mozrunner::runner	INFO	Running command: "/Applications/Firefox.app/Contents/MacOS/firefox-bin" "-marionette" "-profile" "/var/folders/08/4y4s0vpx58scmblhsb8r65k40000gn/T/rust_mozprofile.p4iIne8jS8So"
1513523932798	Marionette	INFO	Enabled via --marionette
2017-12-17 15:18:53.913 plugin-container[23726:44925886] *** CFMessagePort: bootstrap_register(): failed 1100 (0x44c) 'Permission denied', port = 0xa333, name = 'com.apple.tsm.portname'
See /usr/include/servers/bootstrap_defs.h for the error codes.
1513523934473	Marionette	INFO	Listening on port 61969
1513523934545	Marionette	WARN	TLS certificate errors will be ignored for this session
1513523934606	Marionette	DEBUG	Register listener.js for window 2147483649
1513523934649	Marionette	DEBUG	Received DOM event "beforeunload" for "about:blank"
1513523934721	Marionette	DEBUG	Received DOM event "pagehide" for "about:blank"
1513523934721	Marionette	DEBUG	Received DOM event "unload" for "about:blank"
1513523934728	Marionette	DEBUG	Received DOM event "DOMContentLoaded" for "http://localhost:61959/"
1513523934741	Marionette	DEBUG	Received DOM event "pageshow" for "http://localhost:61959/"
1513523935090	addons.xpi	WARN	Exception running bootstrap method shutdown on activity-stream@mozilla.org: [Exception... "Component returned failure code: 0x80004005 (NS_ERROR_FAILURE) [nsIObserverService.removeObserver]"  nsresult: "0x80004005 (NS_ERROR_FAILURE)"  location: "JS frame :: resource://activity-stream/lib/SnippetsFeed.jsm :: uninit :: line 123"  data: no] Stack trace: uninit()@resource://activity-stream/lib/SnippetsFeed.jsm:123 < onAction()@resource://activity-stream/lib/SnippetsFeed.jsm:138 < _middleware/</<()@resource://activity-stream/lib/Store.jsm:52 < Store/this[method]()@resource://activity-stream/lib/Store.jsm:31 < uninit()@resource://activity-stream/lib/Store.jsm:151 < uninit()@resource://activity-stream/lib/ActivityStream.jsm:266 < uninit()@resource://gre/modules/addons/XPIProvider.jsm -> jar:file:///Applications/Firefox.app/Contents/Resources/browser/features/activity-stream@mozilla.org.xpi!/bootstrap.js:80 < shutdown()@resource://gre/modules/addons/XPIProvider.jsm -> jar:file:///Applications/Firefox.app/Contents/Resources/browser/features/activity-stream@mozilla.org.xpi!/bootstrap.js:196 < callBootstrapMethod()@resource://gre/modules/addons/XPIProvider.jsm:4509 < observe()@resource://gre/modules/addons/XPIProvider.jsm:2281 < GeckoDriver.prototype.quit()@driver.js:3307 < despatch()@server.js:553 < execute()@server.js:527 < onPacket/<()@server.js:502 < onPacket()@server.js:501 < _onJSONObjectReady/<()@transport.js:501
1513523935326	geckodriver	INFO	geckodriver 0.19.1
1513523935333	geckodriver	INFO	Listening on 127.0.0.1:62034
1513523936413	mozrunner::runner	INFO	Running command: "/Applications/Firefox.app/Contents/MacOS/firefox-bin" "-marionette" "-profile" "/var/folders/08/4y4s0vpx58scmblhsb8r65k40000gn/T/rust_mozprofile.mTm3wGsXzZQ0"
1513523937056	Marionette	INFO	Enabled via --marionette
2017-12-17 15:18:58.169 plugin-container[23730:44926199] *** CFMessagePort: bootstrap_register(): failed 1100 (0x44c) 'Permission denied', port = 0xa13b, name = 'com.apple.tsm.portname'
See /usr/include/servers/bootstrap_defs.h for the error codes.
1513523938668	Marionette	INFO	Listening on port 62043
1513523938746	Marionette	WARN	TLS certificate errors will be ignored for this session
1513523938823	Marionette	DEBUG	Register listener.js for window 2147483649
1513523938892	Marionette	DEBUG	Received DOM event "beforeunload" for "about:blank"
1513523939085	Marionette	DEBUG	Received DOM event "pagehide" for "about:blank"
1513523939085	Marionette	DEBUG	Received DOM event "unload" for "about:blank"
1513523939104	Marionette	DEBUG	Received DOM event "DOMContentLoaded" for "http://localhost:61959/"
1513523939130	Marionette	DEBUG	Received DOM event "pageshow" for "http://localhost:61959/"
1513523939351	addons.xpi	WARN	Exception running bootstrap method shutdown on activity-stream@mozilla.org: [Exception... "Component returned failure code: 0x80004005 (NS_ERROR_FAILURE) [nsIObserverService.removeObserver]"  nsresult: "0x80004005 (NS_ERROR_FAILURE)"  location: "JS frame :: resource://activity-stream/lib/SnippetsFeed.jsm :: uninit :: line 123"  data: no] Stack trace: uninit()@resource://activity-stream/lib/SnippetsFeed.jsm:123 < onAction()@resource://activity-stream/lib/SnippetsFeed.jsm:138 < _middleware/</<()@resource://activity-stream/lib/Store.jsm:52 < Store/this[method]()@resource://activity-stream/lib/Store.jsm:31 < uninit()@resource://activity-stream/lib/Store.jsm:151 < uninit()@resource://activity-stream/lib/ActivityStream.jsm:266 < uninit()@resource://gre/modules/addons/XPIProvider.jsm -> jar:file:///Applications/Firefox.app/Contents/Resources/browser/features/activity-stream@mozilla.org.xpi!/bootstrap.js:80 < shutdown()@resource://gre/modules/addons/XPIProvider.jsm -> jar:file:///Applications/Firefox.app/Contents/Resources/browser/features/activity-stream@mozilla.org.xpi!/bootstrap.js:196 < callBootstrapMethod()@resource://gre/modules/addons/XPIProvider.jsm:4509 < observe()@resource://gre/modules/addons/XPIProvider.jsm:2281 < GeckoDriver.prototype.quit()@driver.js:3307 < despatch()@server.js:553 < execute()@server.js:527 < onPacket/<()@server.js:502 < onPacket()@server.js:501 < _onJSONObjectReady/<()@transport.js:501
1513524999780	geckodriver	INFO	geckodriver 0.19.1
1513524999787	geckodriver	INFO	Listening on 127.0.0.1:62131
1513525000934	mozrunner::runner	INFO	Running command: "/Applications/Firefox.app/Contents/MacOS/firefox-bin" "-marionette" "-profile" "/var/folders/08/4y4s0vpx58scmblhsb8r65k40000gn/T/rust_mozprofile.qWHB9QoLCX7i"
1513525001816	Marionette	INFO	Enabled via --marionette
2017-12-17 15:36:43.096 plugin-container[25279:44937879] *** CFMessagePort: bootstrap_register(): failed 1100 (0x44c) 'Permission denied', port = 0xa237, name = 'com.apple.tsm.portname'
See /usr/include/servers/bootstrap_defs.h for the error codes.
1513525003626	Marionette	INFO	Listening on port 62140
1513525003649	Marionette	WARN	TLS certificate errors will be ignored for this session
1513525003736	Marionette	DEBUG	Register listener.js for window 2147483649
1513525003935	Marionette	DEBUG	Received DOM event "beforeunload" for "about:blank"
1513525004192	Marionette	DEBUG	Received DOM event "pagehide" for "about:blank"
1513525004193	Marionette	DEBUG	Received DOM event "unload" for "about:blank"
1513525004891	Marionette	DEBUG	Received DOM event "DOMContentLoaded" for "http://localhost:62130/"
1513525005075	Marionette	DEBUG	Received DOM event "pageshow" for "http://localhost:62130/"
1513525005479	geckodriver	INFO	geckodriver 0.19.1
1513525005484	geckodriver	INFO	Listening on 127.0.0.1:62219
1513525006560	mozrunner::runner	INFO	Running command: "/Applications/Firefox.app/Contents/MacOS/firefox-bin" "-marionette" "-profile" "/var/folders/08/4y4s0vpx58scmblhsb8r65k40000gn/T/rust_mozprofile.fqVyll2qKMBP"
1513525007208	Marionette	INFO	Enabled via --marionette
2017-12-17 15:36:48.433 plugin-container[25286:44938211] *** CFMessagePort: bootstrap_register(): failed 1100 (0x44c) 'Permission denied', port = 0xa23b, name = 'com.apple.tsm.portname'
See /usr/include/servers/bootstrap_defs.h for the error codes.
1513525008988	Marionette	INFO	Listening on port 62228
1513525009132	Marionette	WARN	TLS certificate errors will be ignored for this session
1513525009221	Marionette	DEBUG	Register listener.js for window 2147483649
1513525009276	Marionette	DEBUG	Received DOM event "beforeunload" for "about:blank"
1513525009307	Marionette	DEBUG	Received DOM event "pagehide" for "about:blank"
1513525009308	Marionette	DEBUG	Received DOM event "unload" for "about:blank"
1513525009864	Marionette	DEBUG	Received DOM event "DOMContentLoaded" for "http://localhost:62130/"
1513525010136	Marionette	DEBUG	Received DOM event "pageshow" for "http://localhost:62130/"
1513525010255	addons.xpi	WARN	Exception running bootstrap method shutdown on activity-stream@mozilla.org: [Exception... "Component returned failure code: 0x80004005 (NS_ERROR_FAILURE) [nsIObserverService.removeObserver]"  nsresult: "0x80004005 (NS_ERROR_FAILURE)"  location: "JS frame :: resource://activity-stream/lib/SnippetsFeed.jsm :: uninit :: line 123"  data: no] Stack trace: uninit()@resource://activity-stream/lib/SnippetsFeed.jsm:123 < onAction()@resource://activity-stream/lib/SnippetsFeed.jsm:138 < _middleware/</<()@resource://activity-stream/lib/Store.jsm:52 < Store/this[method]()@resource://activity-stream/lib/Store.jsm:31 < uninit()@resource://activity-stream/lib/Store.jsm:151 < uninit()@resource://activity-stream/lib/ActivityStream.jsm:266 < uninit()@resource://gre/modules/addons/XPIProvider.jsm -> jar:file:///Applications/Firefox.app/Contents/Resources/browser/features/activity-stream@mozilla.org.xpi!/bootstrap.js:80 < shutdown()@resource://gre/modules/addons/XPIProvider.jsm -> jar:file:///Applications/Firefox.app/Contents/Resources/browser/features/activity-stream@mozilla.org.xpi!/bootstrap.js:196 < callBootstrapMethod()@resource://gre/modules/addons/XPIProvider.jsm:4509 < observe()@resource://gre/modules/addons/XPIProvider.jsm:2281 < GeckoDriver.prototype.quit()@driver.js:3307 < despatch()@server.js:553 < execute()@server.js:527 < onPacket/<()@server.js:502 < onPacket()@server.js:501 < _onJSONObjectReady/<()@transport.js:501
1513525359977	geckodriver	INFO	geckodriver 0.19.1
1513525359988	geckodriver	INFO	Listening on 127.0.0.1:62314
1513525361104	mozrunner::runner	INFO	Running command: "/Applications/Firefox.app/Contents/MacOS/firefox-bin" "-marionette" "-profile" "/var/folders/08/4y4s0vpx58scmblhsb8r65k40000gn/T/rust_mozprofile.zSLn5tHVrzCa"
1513525361979	Marionette	INFO	Enabled via --marionette
2017-12-17 15:42:43.165 plugin-container[25445:44943263] *** CFMessagePort: bootstrap_register(): failed 1100 (0x44c) 'Permission denied', port = 0xa333, name = 'com.apple.tsm.portname'
See /usr/include/servers/bootstrap_defs.h for the error codes.
1513525363745	Marionette	INFO	Listening on port 62323
1513525363750	Marionette	WARN	TLS certificate errors will be ignored for this session
1513525363836	Marionette	DEBUG	Register listener.js for window 2147483649
1513525363969	Marionette	DEBUG	Received DOM event "beforeunload" for "about:blank"
1513525364232	Marionette	DEBUG	Received DOM event "pagehide" for "about:blank"
1513525364233	Marionette	DEBUG	Received DOM event "unload" for "about:blank"
1513525364982	Marionette	DEBUG	Received DOM event "DOMContentLoaded" for "http://localhost:62313/"
1513525365199	Marionette	DEBUG	Received DOM event "pageshow" for "http://localhost:62313/"
1513525365573	geckodriver	INFO	geckodriver 0.19.1
1513525365580	geckodriver	INFO	Listening on 127.0.0.1:62401
1513525366672	mozrunner::runner	INFO	Running command: "/Applications/Firefox.app/Contents/MacOS/firefox-bin" "-marionette" "-profile" "/var/folders/08/4y4s0vpx58scmblhsb8r65k40000gn/T/rust_mozprofile.rkxuylD9o6wR"
1513525367286	Marionette	INFO	Enabled via --marionette
2017-12-17 15:42:48.340 plugin-container[25453:44943617] *** CFMessagePort: bootstrap_register(): failed 1100 (0x44c) 'Permission denied', port = 0xa13f, name = 'com.apple.tsm.portname'
See /usr/include/servers/bootstrap_defs.h for the error codes.
1513525368875	Marionette	INFO	Listening on port 62410
1513525368973	Marionette	WARN	TLS certificate errors will be ignored for this session
1513525369054	Marionette	DEBUG	Register listener.js for window 2147483649
1513525369126	Marionette	DEBUG	Received DOM event "beforeunload" for "about:blank"
1513525369195	Marionette	DEBUG	Received DOM event "pagehide" for "about:blank"
1513525369198	Marionette	DEBUG	Received DOM event "unload" for "about:blank"
1513525370085	Marionette	DEBUG	Received DOM event "DOMContentLoaded" for "http://localhost:62313/"
1513525370247	Marionette	DEBUG	Received DOM event "pageshow" for "http://localhost:62313/"
1513525370388	addons.xpi	WARN	Exception running bootstrap method shutdown on activity-stream@mozilla.org: [Exception... "Component returned failure code: 0x80004005 (NS_ERROR_FAILURE) [nsIObserverService.removeObserver]"  nsresult: "0x80004005 (NS_ERROR_FAILURE)"  location: "JS frame :: resource://activity-stream/lib/SnippetsFeed.jsm :: uninit :: line 123"  data: no] Stack trace: uninit()@resource://activity-stream/lib/SnippetsFeed.jsm:123 < onAction()@resource://activity-stream/lib/SnippetsFeed.jsm:138 < _middleware/</<()@resource://activity-stream/lib/Store.jsm:52 < Store/this[method]()@resource://activity-stream/lib/Store.jsm:31 < uninit()@resource://activity-stream/lib/Store.jsm:151 < uninit()@resource://activity-stream/lib/ActivityStream.jsm:266 < uninit()@resource://gre/modules/addons/XPIProvider.jsm -> jar:file:///Applications/Firefox.app/Contents/Resources/browser/features/activity-stream@mozilla.org.xpi!/bootstrap.js:80 < shutdown()@resource://gre/modules/addons/XPIProvider.jsm -> jar:file:///Applications/Firefox.app/Contents/Resources/browser/features/activity-stream@mozilla.org.xpi!/bootstrap.js:196 < callBootstrapMethod()@resource://gre/modules/addons/XPIProvider.jsm:4509 < observe()@resource://gre/modules/addons/XPIProvider.jsm:2281 < GeckoDriver.prototype.quit()@driver.js:3307 < despatch()@server.js:553 < execute()@server.js:527 < onPacket/<()@server.js:502 < onPacket()@server.js:501 < _onJSONObjectReady/<()@transport.js:501
1513525464221	geckodriver	INFO	geckodriver 0.19.1
1513525464229	geckodriver	INFO	Listening on 127.0.0.1:62485
1513525465278	mozrunner::runner	INFO	Running command: "/Applications/Firefox.app/Contents/MacOS/firefox-bin" "-marionette" "-profile" "/var/folders/08/4y4s0vpx58scmblhsb8r65k40000gn/T/rust_mozprofile.JuKMUuplr1JQ"
1513525465830	Marionette	INFO	Enabled via --marionette
2017-12-17 15:44:26.876 plugin-container[25550:44944940] *** CFMessagePort: bootstrap_register(): failed 1100 (0x44c) 'Permission denied', port = 0xa237, name = 'com.apple.tsm.portname'
See /usr/include/servers/bootstrap_defs.h for the error codes.
1513525467409	Marionette	INFO	Listening on port 62494
1513525467530	Marionette	WARN	TLS certificate errors will be ignored for this session
1513525467601	Marionette	DEBUG	Register listener.js for window 2147483649
1513525467709	Marionette	DEBUG	Received DOM event "beforeunload" for "about:blank"
1513525467754	Marionette	DEBUG	Received DOM event "pagehide" for "about:blank"
1513525467755	Marionette	DEBUG	Received DOM event "unload" for "about:blank"
1513525468557	Marionette	DEBUG	Received DOM event "DOMContentLoaded" for "http://localhost:62484/"
1513525468699	Marionette	DEBUG	Received DOM event "pageshow" for "http://localhost:62484/"
1513525469049	geckodriver	INFO	geckodriver 0.19.1
1513525469060	geckodriver	INFO	Listening on 127.0.0.1:62563
1513525470127	mozrunner::runner	INFO	Running command: "/Applications/Firefox.app/Contents/MacOS/firefox-bin" "-marionette" "-profile" "/var/folders/08/4y4s0vpx58scmblhsb8r65k40000gn/T/rust_mozprofile.yZIlaQYhKxUQ"
1513525470673	Marionette	INFO	Enabled via --marionette
2017-12-17 15:44:31.610 plugin-container[25554:44945497] *** CFMessagePort: bootstrap_register(): failed 1100 (0x44c) 'Permission denied', port = 0xa433, name = 'com.apple.tsm.portname'
See /usr/include/servers/bootstrap_defs.h for the error codes.
1513525472044	Marionette	INFO	Listening on port 62572
1513525472129	Marionette	WARN	TLS certificate errors will be ignored for this session
1513525472198	Marionette	DEBUG	Register listener.js for window 2147483649
1513525472224	Marionette	DEBUG	Received DOM event "beforeunload" for "about:blank"
1513525472239	Marionette	DEBUG	Received DOM event "pagehide" for "about:blank"
1513525472239	Marionette	DEBUG	Received DOM event "unload" for "about:blank"
1513525472672	Marionette	DEBUG	Received DOM event "DOMContentLoaded" for "http://localhost:62484/"
1513525472934	Marionette	DEBUG	Received DOM event "pageshow" for "http://localhost:62484/"
1513525606081	geckodriver	INFO	geckodriver 0.19.1
1513525606098	geckodriver	INFO	Listening on 127.0.0.1:62718
1513525607190	mozrunner::runner	INFO	Running command: "/Applications/Firefox.app/Contents/MacOS/firefox-bin" "-marionette" "-profile" "/var/folders/08/4y4s0vpx58scmblhsb8r65k40000gn/T/rust_mozprofile.r1HEaDOY40sw"
1513525608243	Marionette	INFO	Enabled via --marionette
2017-12-17 15:46:49.689 plugin-container[25803:44948529] *** CFMessagePort: bootstrap_register(): failed 1100 (0x44c) 'Permission denied', port = 0xa133, name = 'com.apple.tsm.portname'
See /usr/include/servers/bootstrap_defs.h for the error codes.
1513525610380	Marionette	INFO	Listening on port 62727
1513525610440	Marionette	WARN	TLS certificate errors will be ignored for this session
1513525610527	Marionette	DEBUG	Register listener.js for window 2147483649
1513525610664	Marionette	DEBUG	Received DOM event "beforeunload" for "about:blank"
1513525610731	Marionette	DEBUG	Received DOM event "pagehide" for "about:blank"
1513525610731	Marionette	DEBUG	Received DOM event "unload" for "about:blank"
1513525611501	Marionette	DEBUG	Received DOM event "DOMContentLoaded" for "http://localhost:62717/"
1513525611603	Marionette	DEBUG	Received DOM event "pageshow" for "http://localhost:62717/"
1513525611922	geckodriver	INFO	geckodriver 0.19.1
1513525611932	geckodriver	INFO	Listening on 127.0.0.1:62819
1513525612995	mozrunner::runner	INFO	Running command: "/Applications/Firefox.app/Contents/MacOS/firefox-bin" "-marionette" "-profile" "/var/folders/08/4y4s0vpx58scmblhsb8r65k40000gn/T/rust_mozprofile.IVRZxiRVN4at"
1513525613623	Marionette	INFO	Enabled via --marionette
2017-12-17 15:46:54.821 plugin-container[25809:44949001] *** CFMessagePort: bootstrap_register(): failed 1100 (0x44c) 'Permission denied', port = 0xa03b, name = 'com.apple.tsm.portname'
See /usr/include/servers/bootstrap_defs.h for the error codes.
1513525615308	Marionette	INFO	Listening on port 62828
1513525615414	Marionette	WARN	TLS certificate errors will be ignored for this session
1513525615494	Marionette	DEBUG	Register listener.js for window 2147483649
1513525615550	Marionette	DEBUG	Received DOM event "beforeunload" for "about:blank"
1513525615637	Marionette	DEBUG	Received DOM event "pagehide" for "about:blank"
1513525615638	Marionette	DEBUG	Received DOM event "unload" for "about:blank"
1513525616384	Marionette	DEBUG	Received DOM event "DOMContentLoaded" for "http://localhost:62717/"
1513525616547	Marionette	DEBUG	Received DOM event "pageshow" for "http://localhost:62717/"
1513525863049	geckodriver	INFO	geckodriver 0.19.1
1513525863058	geckodriver	INFO	Listening on 127.0.0.1:62920
1513525864197	mozrunner::runner	INFO	Running command: "/Applications/Firefox.app/Contents/MacOS/firefox-bin" "-marionette" "-profile" "/var/folders/08/4y4s0vpx58scmblhsb8r65k40000gn/T/rust_mozprofile.MGUzf0k2GwZP"
1513525865121	Marionette	INFO	Enabled via --marionette
2017-12-17 15:51:06.383 plugin-container[25965:44953582] *** CFMessagePort: bootstrap_register(): failed 1100 (0x44c) 'Permission denied', port = 0xa33f, name = 'com.apple.tsm.portname'
See /usr/include/servers/bootstrap_defs.h for the error codes.
1513525866838	Marionette	INFO	Listening on port 62929
1513525866952	Marionette	WARN	TLS certificate errors will be ignored for this session
1513525867018	Marionette	DEBUG	Register listener.js for window 2147483649
1513525867101	Marionette	DEBUG	Received DOM event "beforeunload" for "about:blank"
1513525867166	Marionette	DEBUG	Received DOM event "pagehide" for "about:blank"
1513525867167	Marionette	DEBUG	Received DOM event "unload" for "about:blank"
1513525867991	Marionette	DEBUG	Received DOM event "DOMContentLoaded" for "http://localhost:62919/"
1513525868108	Marionette	DEBUG	Received DOM event "pageshow" for "http://localhost:62919/"
[GFX1-]: Receive IPC close with reason=AbnormalShutdown
1513525868389	geckodriver	INFO	geckodriver 0.19.1
1513525868396	geckodriver	INFO	Listening on 127.0.0.1:63008
1513525869454	mozrunner::runner	INFO	Running command: "/Applications/Firefox.app/Contents/MacOS/firefox-bin" "-marionette" "-profile" "/var/folders/08/4y4s0vpx58scmblhsb8r65k40000gn/T/rust_mozprofile.AE3l9Cs08AAc"
1513525870087	Marionette	INFO	Enabled via --marionette
2017-12-17 15:51:11.171 plugin-container[25971:44953915] *** CFMessagePort: bootstrap_register(): failed 1100 (0x44c) 'Permission denied', port = 0xa337, name = 'com.apple.tsm.portname'
See /usr/include/servers/bootstrap_defs.h for the error codes.
1513525871709	Marionette	INFO	Listening on port 63017
1513525871748	Marionette	WARN	TLS certificate errors will be ignored for this session
1513525871879	Marionette	DEBUG	Register listener.js for window 2147483649
1513525871933	Marionette	DEBUG	Received DOM event "beforeunload" for "about:blank"
1513525872002	Marionette	DEBUG	Received DOM event "pagehide" for "about:blank"
1513525872003	Marionette	DEBUG	Received DOM event "unload" for "about:blank"
1513525872897	Marionette	DEBUG	Received DOM event "DOMContentLoaded" for "http://localhost:62919/"
1513525873147	Marionette	DEBUG	Received DOM event "pageshow" for "http://localhost:62919/"
1513526355719	geckodriver	INFO	geckodriver 0.19.1
1513526355726	geckodriver	INFO	Listening on 127.0.0.1:63328
1513526356817	mozrunner::runner	INFO	Running command: "/Applications/Firefox.app/Contents/MacOS/firefox-bin" "-marionette" "-profile" "/var/folders/08/4y4s0vpx58scmblhsb8r65k40000gn/T/rust_mozprofile.Q7GXExiME4Nh"
1513526357394	Marionette	INFO	Enabled via --marionette
2017-12-17 15:59:18.283 plugin-container[26421:44962114] *** CFMessagePort: bootstrap_register(): failed 1100 (0x44c) 'Permission denied', port = 0xa137, name = 'com.apple.tsm.portname'
See /usr/include/servers/bootstrap_defs.h for the error codes.
1513526358675	Marionette	INFO	Listening on port 63337
1513526358780	Marionette	WARN	TLS certificate errors will be ignored for this session
1513526358844	Marionette	DEBUG	Register listener.js for window 2147483649
1513526358880	Marionette	DEBUG	Received DOM event "beforeunload" for "about:blank"
1513526358926	Marionette	DEBUG	Received DOM event "pagehide" for "about:blank"
1513526358926	Marionette	DEBUG	Received DOM event "unload" for "about:blank"
1513526359632	Marionette	DEBUG	Received DOM event "DOMContentLoaded" for "http://localhost:63327/"
1513526359783	Marionette	DEBUG	Received DOM event "pageshow" for "http://localhost:63327/"
1513526360131	geckodriver	INFO	geckodriver 0.19.1
1513526360138	geckodriver	INFO	Listening on 127.0.0.1:63400
1513526360219	mozrunner::runner	INFO	Running command: "/Applications/Firefox.app/Contents/MacOS/firefox-bin" "-marionette" "-profile" "/var/folders/08/4y4s0vpx58scmblhsb8r65k40000gn/T/rust_mozprofile.GZJ140gmYK7n"
1513526360792	Marionette	INFO	Enabled via --marionette
2017-12-17 15:59:21.825 plugin-container[26429:44962411] *** CFMessagePort: bootstrap_register(): failed 1100 (0x44c) 'Permission denied', port = 0x9e37, name = 'com.apple.tsm.portname'
See /usr/include/servers/bootstrap_defs.h for the error codes.
1513526362330	Marionette	INFO	Listening on port 63407
1513526362443	Marionette	WARN	TLS certificate errors will be ignored for this session
1513526362523	Marionette	DEBUG	Register listener.js for window 2147483649
1513526362559	Marionette	DEBUG	Received DOM event "beforeunload" for "about:blank"
1513526362594	Marionette	DEBUG	Received DOM event "pagehide" for "about:blank"
1513526362594	Marionette	DEBUG	Received DOM event "unload" for "about:blank"
1513526363294	Marionette	DEBUG	Received DOM event "DOMContentLoaded" for "http://localhost:63327/"
1513526363495	Marionette	DEBUG	Received DOM event "pageshow" for "http://localhost:63327/"
[GFX1-]: Receive IPC close with reason=AbnormalShutdown
1513526390043	geckodriver	INFO	geckodriver 0.19.1
1513526390049	geckodriver	INFO	Listening on 127.0.0.1:63477
1513526391101	mozrunner::runner	INFO	Running command: "/Applications/Firefox.app/Contents/MacOS/firefox-bin" "-marionette" "-profile" "/var/folders/08/4y4s0vpx58scmblhsb8r65k40000gn/T/rust_mozprofile.uFjUy6y3ZVjp"
1513526391633	Marionette	INFO	Enabled via --marionette
2017-12-17 15:59:52.625 plugin-container[26519:44963306] *** CFMessagePort: bootstrap_register(): failed 1100 (0x44c) 'Permission denied', port = 0x9e37, name = 'com.apple.tsm.portname'
See /usr/include/servers/bootstrap_defs.h for the error codes.
1513526393027	Marionette	INFO	Listening on port 63486
1513526393147	Marionette	WARN	TLS certificate errors will be ignored for this session
1513526393234	Marionette	DEBUG	Register listener.js for window 2147483649
1513526393269	Marionette	DEBUG	Received DOM event "beforeunload" for "about:blank"
1513526393295	Marionette	DEBUG	Received DOM event "pagehide" for "about:blank"
1513526393295	Marionette	DEBUG	Received DOM event "unload" for "about:blank"
1513526393886	Marionette	DEBUG	Received DOM event "DOMContentLoaded" for "http://localhost:63476/"
1513526394046	Marionette	DEBUG	Received DOM event "pageshow" for "http://localhost:63476/"
JavaScript error: resource:///modules/ContentMetaHandler.jsm, line 123: NS_ERROR_ILLEGAL_VALUE: Component returned failure code: 0x80070057 (NS_ERROR_ILLEGAL_VALUE) [nsIMessageSender.sendAsyncMessage]
[GFX1-]: Receive IPC close with reason=AbnormalShutdown
1513526394435	geckodriver	INFO	geckodriver 0.19.1
1513526394447	geckodriver	INFO	Listening on 127.0.0.1:63553
1513526395491	mozrunner::runner	INFO	Running command: "/Applications/Firefox.app/Contents/MacOS/firefox-bin" "-marionette" "-profile" "/var/folders/08/4y4s0vpx58scmblhsb8r65k40000gn/T/rust_mozprofile.AqF2Q1KWJ1E1"
1513526396019	Marionette	INFO	Enabled via --marionette
2017-12-17 15:59:56.921 plugin-container[26526:44963841] *** CFMessagePort: bootstrap_register(): failed 1100 (0x44c) 'Permission denied', port = 0xa037, name = 'com.apple.tsm.portname'
See /usr/include/servers/bootstrap_defs.h for the error codes.
1513526397346	Marionette	INFO	Listening on port 63562
1513526397394	Marionette	WARN	TLS certificate errors will be ignored for this session
1513526397480	Marionette	DEBUG	Register listener.js for window 2147483649
1513526397530	Marionette	DEBUG	Received DOM event "beforeunload" for "about:blank"
1513526397555	Marionette	DEBUG	Received DOM event "pagehide" for "about:blank"
1513526397555	Marionette	DEBUG	Received DOM event "unload" for "about:blank"
1513526398095	Marionette	DEBUG	Received DOM event "DOMContentLoaded" for "http://localhost:63476/"
1513526398319	Marionette	DEBUG	Received DOM event "pageshow" for "http://localhost:63476/"
1513526464998	geckodriver	INFO	geckodriver 0.19.1
1513526465009	geckodriver	INFO	Listening on 127.0.0.1:63642
1513526466049	mozrunner::runner	INFO	Running command: "/Applications/Firefox.app/Contents/MacOS/firefox-bin" "-marionette" "-profile" "/var/folders/08/4y4s0vpx58scmblhsb8r65k40000gn/T/rust_mozprofile.qRtuSurVw7iX"
1513526466906	Marionette	INFO	Enabled via --marionette
2017-12-17 16:01:08.063 plugin-container[27074:44966763] *** CFMessagePort: bootstrap_register(): failed 1100 (0x44c) 'Permission denied', port = 0x9f37, name = 'com.apple.tsm.portname'
See /usr/include/servers/bootstrap_defs.h for the error codes.
1513526468667	Marionette	INFO	Listening on port 63651
1513526468766	Marionette	WARN	TLS certificate errors will be ignored for this session
1513526468857	Marionette	DEBUG	Register listener.js for window 2147483649
1513526468915	Marionette	DEBUG	Received DOM event "beforeunload" for "about:blank"
1513526468958	Marionette	DEBUG	Received DOM event "pagehide" for "about:blank"
1513526468959	Marionette	DEBUG	Received DOM event "unload" for "about:blank"
1513526469741	Marionette	DEBUG	Received DOM event "DOMContentLoaded" for "http://localhost:63641/"
1513526469922	Marionette	DEBUG	Received DOM event "pageshow" for "http://localhost:63641/"
1513526470184	addons.xpi	WARN	Exception running bootstrap method shutdown on activity-stream@mozilla.org: [Exception... "Component returned failure code: 0x80004005 (NS_ERROR_FAILURE) [nsIObserverService.removeObserver]"  nsresult: "0x80004005 (NS_ERROR_FAILURE)"  location: "JS frame :: resource://activity-stream/lib/SnippetsFeed.jsm :: uninit :: line 123"  data: no] Stack trace: uninit()@resource://activity-stream/lib/SnippetsFeed.jsm:123 < onAction()@resource://activity-stream/lib/SnippetsFeed.jsm:138 < _middleware/</<()@resource://activity-stream/lib/Store.jsm:52 < Store/this[method]()@resource://activity-stream/lib/Store.jsm:31 < uninit()@resource://activity-stream/lib/Store.jsm:151 < uninit()@resource://activity-stream/lib/ActivityStream.jsm:266 < uninit()@resource://gre/modules/addons/XPIProvider.jsm -> jar:file:///Applications/Firefox.app/Contents/Resources/browser/features/activity-stream@mozilla.org.xpi!/bootstrap.js:80 < shutdown()@resource://gre/modules/addons/XPIProvider.jsm -> jar:file:///Applications/Firefox.app/Contents/Resources/browser/features/activity-stream@mozilla.org.xpi!/bootstrap.js:196 < callBootstrapMethod()@resource://gre/modules/addons/XPIProvider.jsm:4509 < observe()@resource://gre/modules/addons/XPIProvider.jsm:2281 < GeckoDriver.prototype.quit()@driver.js:3307 < despatch()@server.js:553 < execute()@server.js:527 < onPacket/<()@server.js:502 < onPacket()@server.js:501 < _onJSONObjectReady/<()@transport.js:501
1513526470402	geckodriver	INFO	geckodriver 0.19.1
1513526470410	geckodriver	INFO	Listening on 127.0.0.1:63727
1513526471481	mozrunner::runner	INFO	Running command: "/Applications/Firefox.app/Contents/MacOS/firefox-bin" "-marionette" "-profile" "/var/folders/08/4y4s0vpx58scmblhsb8r65k40000gn/T/rust_mozprofile.yGZMd0wj9IMU"
1513526472020	Marionette	INFO	Enabled via --marionette
2017-12-17 16:01:12.965 plugin-container[27084:44967322] *** CFMessagePort: bootstrap_register(): failed 1100 (0x44c) 'Permission denied', port = 0xa037, name = 'com.apple.tsm.portname'
See /usr/include/servers/bootstrap_defs.h for the error codes.
1513526473416	Marionette	INFO	Listening on port 63736
1513526473493	Marionette	WARN	TLS certificate errors will be ignored for this session
1513526473554	Marionette	DEBUG	Register listener.js for window 2147483649
1513526473588	Marionette	DEBUG	Received DOM event "beforeunload" for "about:blank"
1513526473633	Marionette	DEBUG	Received DOM event "pagehide" for "about:blank"
1513526473633	Marionette	DEBUG	Received DOM event "unload" for "about:blank"
1513526474279	Marionette	DEBUG	Received DOM event "DOMContentLoaded" for "http://localhost:63641/"
1513526474444	Marionette	DEBUG	Received DOM event "pageshow" for "http://localhost:63641/"
[Child 27084, Chrome_ChildThread] WARNING: pipe error: Broken pipe: file /builds/worker/workspace/build/src/ipc/chromium/src/chrome/common/ipc_channel_posix.cc, line 709
